<?xml version="1.0" encoding="UTF-8"?>
<testng-results ignored="0" total="2" passed="2" failed="0" skipped="0">
  <reporter-output>
  </reporter-output>
  <suite started-at="2022-03-15T13:49:14 CDT" name="Default suite" finished-at="2022-03-15T13:49:26 CDT" duration-ms="12041">
    <groups>
    </groups>
    <test started-at="2022-03-15T13:49:14 CDT" name="Default test" finished-at="2022-03-15T13:49:26 CDT" duration-ms="12041">
      <class name="TestNG.LearnTestNG">
        <test-method is-config="true" signature="init()[pri:0, instance:TestNG.LearnTestNG@757acd7b]" started-at="2022-03-15T13:49:14 CDT" name="init" finished-at="2022-03-15T13:49:17 CDT" duration-ms="2768" status="PASS">
          <reporter-output>
          </reporter-output>
        </test-method> <!-- init -->
        <test-method signature="storingElementUsingWebElement()[pri:0, instance:TestNG.LearnTestNG@757acd7b]" started-at="2022-03-15T13:49:17 CDT" name="storingElementUsingWebElement" finished-at="2022-03-15T13:49:19 CDT" duration-ms="1647" status="PASS">
          <reporter-output>
          </reporter-output>
        </test-method> <!-- storingElementUsingWebElement -->
        <test-method is-config="true" signature="tearDown()[pri:0, instance:TestNG.LearnTestNG@757acd7b]" started-at="2022-03-15T13:49:19 CDT" name="tearDown" finished-at="2022-03-15T13:49:23 CDT" duration-ms="4178" status="PASS">
          <reporter-output>
          </reporter-output>
        </test-method> <!-- tearDown -->
        <test-method is-config="true" signature="init()[pri:0, instance:TestNG.LearnTestNG@757acd7b]" started-at="2022-03-15T13:49:23 CDT" name="init" finished-at="2022-03-15T13:49:25 CDT" duration-ms="1868" status="PASS">
          <reporter-output>
          </reporter-output>
        </test-method> <!-- init -->
        <test-method signature="storingWebelementBy()[pri:0, instance:TestNG.LearnTestNG@757acd7b]" started-at="2022-03-15T13:49:25 CDT" name="storingWebelementBy" finished-at="2022-03-15T13:49:26 CDT" duration-ms="1499" status="PASS">
          <reporter-output>
          </reporter-output>
        </test-method> <!-- storingWebelementBy -->
        <test-method is-config="true" signature="tearDown()[pri:0, instance:TestNG.LearnTestNG@757acd7b]" started-at="2022-03-15T13:49:26 CDT" name="tearDown" finished-at="2022-03-15T13:49:26 CDT" duration-ms="56" status="PASS">
          <reporter-output>
          </reporter-output>
        </test-method> <!-- tearDown -->
      </class> <!-- TestNG.LearnTestNG -->
    </test> <!-- Default test -->
  </suite> <!-- Default suite -->
</testng-results>
