<?xml version="1.0" encoding="UTF-8"?>
<testng-results skipped="0" failed="0" ignored="0" total="1" passed="1">
  <reporter-output>
  </reporter-output>
  <suite name="Default suite" duration-ms="2256" started-at="2022-01-16T19:05:17Z" finished-at="2022-01-16T19:05:19Z">
    <groups>
    </groups>
    <test name="Default test" duration-ms="2256" started-at="2022-01-16T19:05:17Z" finished-at="2022-01-16T19:05:19Z">
      <class name="testCase.ReadAllProduct">
        <test-method status="PASS" signature="readAllProduct()[pri:0, instance:testCase.ReadAllProduct@78aab498]" name="readAllProduct" duration-ms="2234" started-at="2022-01-16T19:05:17Z" finished-at="2022-01-16T19:05:19Z">
          <reporter-output>
          </reporter-output>
        </test-method> <!-- readAllProduct -->
      </class> <!-- testCase.ReadAllProduct -->
    </test> <!-- Default test -->
  </suite> <!-- Default suite -->
</testng-results>
