<?xml version="1.0" encoding="UTF-8"?>
<testng-results ignored="0" total="1" passed="1" failed="0" skipped="0">
  <reporter-output>
  </reporter-output>
  <suite started-at="2022-03-15T17:35:16 CDT" name="Default suite" finished-at="2022-03-15T17:35:20 CDT" duration-ms="4127">
    <groups>
    </groups>
    <test started-at="2022-03-15T17:35:16 CDT" name="Default test" finished-at="2022-03-15T17:35:20 CDT" duration-ms="4127">
      <class name="Test.LoginTest">
        <test-method signature="ValidUserShouldBeAbleToLoginTest()[pri:0, instance:Test.LoginTest@6db9f5a4]" started-at="2022-03-15T17:35:16 CDT" name="ValidUserShouldBeAbleToLoginTest" finished-at="2022-03-15T17:35:20 CDT" duration-ms="4102" status="PASS">
          <reporter-output>
          </reporter-output>
        </test-method> <!-- ValidUserShouldBeAbleToLoginTest -->
      </class> <!-- Test.LoginTest -->
    </test> <!-- Default test -->
  </suite> <!-- Default suite -->
</testng-results>
